<?xml version="1.0" encoding="UTF-8"?>
<!-- Generated by org.testng.reporters.JUnitReportReporter -->
<testsuite hostname="Anjali" failures="0" tests="1" name="com.testcases.Holidays_Test" time="7.049" errors="0" timestamp="2023-11-14T13:26:25 IST" skipped="0">
  <testcase classname="com.testcases.Holidays_Test" name="validateaddnew" time="7.049"/>
  <system-out/>
</testsuite> <!-- com.testcases.Holidays_Test -->
