<?xml version="1.0" encoding="UTF-8"?>
<!-- Generated by org.testng.reporters.JUnitReportReporter -->
<testsuite hostname="Anjali" failures="0" tests="4" name="com.testcases.CustomerTest" time="34.245" errors="0" timestamp="2023-11-20T08:57:46 IST" skipped="0">
  <testcase classname="com.testcases.CustomerTest" name="addcustomer" time="9.374"/>
  <system-out/>
  <testcase classname="com.testcases.CustomerTest" name="editcustomer" time="8.233"/>
  <system-out/>
  <testcase classname="com.testcases.CustomerTest" name="deletecustomer" time="10.200"/>
  <system-out/>
  <testcase classname="com.testcases.CustomerTest" name="verify" time="6.438"/>
  <system-out/>
</testsuite> <!-- com.testcases.CustomerTest -->
