<?xml version="1.0" encoding="UTF-8"?>
<!-- Generated by org.testng.reporters.JUnitReportReporter -->
<testsuite hostname="Anjali" failures="0" tests="1" name="com.testcases.Holidays_Test" time="4.651" errors="0" timestamp="2023-11-20T17:15:34 IST" skipped="0">
  <testcase classname="com.testcases.Holidays_Test" name="validateaddnew" time="4.651"/>
  <system-out/>
</testsuite> <!-- com.testcases.Holidays_Test -->
