<?xml version="1.0" encoding="UTF-8"?>
<!-- Generated by org.testng.reporters.JUnitReportReporter -->
<testsuite hostname="Anjali" failures="0" tests="4" name="com.testcases.Customer_FunctionalityTest" time="42.618" errors="0" timestamp="2023-11-08T10:32:46 IST" skipped="0">
  <testcase classname="com.testcases.Customer_FunctionalityTest" name="addcustomer" time="10.847"/>
  <system-out/>
  <testcase classname="com.testcases.Customer_FunctionalityTest" name="editcustomer" time="13.389"/>
  <system-out/>
  <testcase classname="com.testcases.Customer_FunctionalityTest" name="deletecustomer" time="8.193"/>
  <system-out/>
  <testcase classname="com.testcases.Customer_FunctionalityTest" name="verify" time="10.189"/>
  <system-out/>
</testsuite> <!-- com.testcases.Customer_FunctionalityTest -->
