<?xml version="1.0" encoding="UTF-8"?>
<!-- Generated by org.testng.reporters.JUnitReportReporter -->
<testsuite hostname="Anjali" failures="0" tests="2" name="com.testcases.UserTypeTest" time="19.233" errors="0" timestamp="2023-11-14T13:25:51 IST" skipped="0">
  <testcase classname="com.testcases.UserTypeTest" name="adduser" time="7.318"/>
  <system-out/>
  <testcase classname="com.testcases.UserTypeTest" name="edituser" time="11.915"/>
  <system-out/>
</testsuite> <!-- com.testcases.UserTypeTest -->
