<?xml version="1.0" encoding="UTF-8"?>
<!-- Generated by org.testng.reporters.JUnitReportReporter -->
<testsuite hostname="Anjali" failures="0" tests="2" name="com.testcases.UserTypeTest" time="37.103" errors="0" timestamp="2023-11-20T17:15:34 IST" skipped="0">
  <testcase classname="com.testcases.UserTypeTest" name="adduser" time="20.422"/>
  <system-out/>
  <testcase classname="com.testcases.UserTypeTest" name="edituser" time="16.681"/>
  <system-out/>
</testsuite> <!-- com.testcases.UserTypeTest -->
