<?xml version="1.0" encoding="UTF-8"?>
<!-- Generated by org.testng.reporters.JUnitReportReporter -->
<testsuite hostname="Anjali" failures="0" tests="4" name="com.testcases.LocationFunctionalityTest" time="31.039" errors="0" timestamp="2023-11-20T17:15:34 IST" skipped="0">
  <testcase classname="com.testcases.LocationFunctionalityTest" name="addlocation" time="10.036"/>
  <system-out/>
  <testcase classname="com.testcases.LocationFunctionalityTest" name="editcustomer" time="6.915"/>
  <system-out/>
  <testcase classname="com.testcases.LocationFunctionalityTest" name="deletecustomer" time="6.194"/>
  <system-out/>
  <testcase classname="com.testcases.LocationFunctionalityTest" name="verify" time="7.894"/>
  <system-out/>
</testsuite> <!-- com.testcases.LocationFunctionalityTest -->
